  323.3    63.6 27779.76 
   11.1    66.9 30964.09 
   14.7    61.1 40088.17 
  349.0    51.1 10390.18 
   17.0    65.2 27184.28 
   19.4    75.0 21443.98 
  351.4    59.3 30942.45 
   37.1    51.1  8220.33 
   23.0    50.7 24444.89 
   17.3    68.9 33062.67 
  322.7    30.7 10091.90 
    5.8    64.7 48510.47 
  348.4    58.4 25811.32 
  341.3    56.9 25752.49 
  356.9    67.8 29237.26 
  354.5    39.0 26490.97 
   23.1    61.7 28247.92 
  329.0    54.6 34619.81 
  356.1    66.3 48767.70 
   16.9    62.0 28545.45 
  351.3    47.0 36536.09 
  351.8    67.3 48636.00 
    5.8    56.4 42638.39 
  356.3    48.2 25721.72 
  345.0    63.0 36397.76 
  355.5    59.9 28622.91 
  345.4    59.6 34979.33 
  345.3    58.6 19367.36 
    4.1    58.2 14729.67 
   13.9    74.4 37226.20 
  359.3    58.7 47049.60 
   28.4   -17.6 10710.60 
  355.8    56.0 37857.07 
    4.4    47.6 29420.81 
    3.9    40.1 27814.72 
    7.9    35.7 17389.77 
    4.9    39.8 20409.15 
   19.5    63.8 28156.66 
    8.3    48.2 23336.45 
   31.4    61.3 17135.27 
  354.3    60.6 33729.57 
  358.9    60.5 37993.82 
    2.6    56.0 26337.02 
   45.4    59.7 17915.60 
  334.5    43.9 18489.22 
  358.1    62.8 38508.51 
   12.6    59.6 27299.18 
   16.9    71.6 32952.89 
    1.7    60.4 44796.93 
  350.0    52.0 48142.66 
   11.9    66.8 38308.51 
  350.8    64.5 28260.37 
   10.0    69.0 41584.18 
  352.5    58.7 30201.80 
   37.9    48.7 18272.44 
   11.4    62.6 36838.44 
   24.4    66.8 33564.07 
   17.4    56.8 15400.32 
    7.9    42.2 25180.39 
  333.5    60.8 37899.36 
   15.9    58.8 35558.49 
  333.7    61.9 18125.02 
  336.7    58.8 22684.57 
  350.4    74.7 36815.61 
  352.5    54.3 23706.30 
   35.9    28.9 10888.81 
  328.9    70.0 24586.17 
  356.9    61.5 16500.02 
  359.6    58.4 34643.93 
    8.3    68.3 40718.03 
    0.5    75.0 21001.86 
  357.7    59.9 28385.75 
    0.9    50.6 34716.65 
  343.2    60.7 35981.92 
   10.2    51.3 20719.04 
  359.5    60.5 31894.67 
   17.1    62.4 22081.98 
    0.5    62.1 36243.04 
   28.6    59.4 27996.60 
  351.8    57.1 40215.43 
  349.9    57.7 27201.91 
  326.2    37.4  9861.19 
   46.6    61.2  7930.58 
    1.2    52.5 16635.37 
  347.7    67.0 29090.00 
   29.2    62.2 30718.12 
  336.6    61.8 36399.07 
   13.8    55.8 15326.43 
  355.6    53.5 27538.22 
   30.1    66.5 13753.30 
    3.3    61.7 31767.81 
  355.5    56.0 27634.13 
  354.2    51.9 41639.00 
  327.5    52.1 32130.58 
    2.5    61.6 37874.63 
    2.9    50.3 23291.34 
  354.5    70.4 16801.46 
   37.8    72.8 18225.63 
   12.9    74.1 25078.51 
  358.1    62.8 26359.21 
